<?xml version="1.0" encoding="UTF-8"?>
<!-- Generated by org.testng.reporters.JUnitXMLReporter -->
<testsuite ignored="0" hostname="aulate" failures="0" tests="30" name="Surefire test" time="1.07" errors="0" timestamp="2026-02-20T21:45:20 CST">
  <testcase classname="com.membershiprewards.SanityTest" name="smokeTestPasses" time="0.007"/>
  <testcase classname="com.membershiprewards.services.MembershipServiceTest" name="getMembershipStatus_shouldReturnStatus_whenMemberExists" time="0.027"/>
  <testcase classname="com.membershiprewards.services.MembershipServiceTest" name="getMembershipStatus_shouldThrowMemberNotFoundException_whenNotFound" time="0.001"/>
  <testcase classname="com.membershiprewards.services.MembershipServiceTest" name="listMembersByStatus_shouldFilterCorrectly_whenMixOfActiveAndInactive" time="0.003"/>
  <testcase classname="com.membershiprewards.services.MembershipServiceTest" name="listMembersByStatus_shouldThrowValidationException_whenStatusIsNull" time="0.001"/>
  <testcase classname="com.membershiprewards.services.MembershipServiceTest" name="registerMember_shouldSaveAndReturnMemberWithActive_whenValidInputs" time="0.002"/>
  <testcase classname="com.membershiprewards.services.MembershipServiceTest" name="registerMember_shouldThrowValidationException_whenEmailInvalid" time="0.0"/>
  <testcase classname="com.membershiprewards.services.MembershipServiceTest" name="registerMember_shouldThrowValidationException_whenIdBlank" time="0.001"/>
  <testcase classname="com.membershiprewards.services.MembershipServiceTest" name="setMembershipStatus_shouldSaveUpdatedStatus_whenMemberExists" time="0.002"/>
  <testcase classname="com.membershiprewards.services.MembershipServiceTest" name="setMembershipStatus_shouldThrowMemberNotFoundException_whenMemberDoesNotExist" time="0.001"/>
  <testcase classname="com.membershiprewards.services.PointsServiceTest" name="earnPoints_shouldThrowMembershipInactiveException_whenMemberInactive" time="0.003"/>
  <testcase classname="com.membershiprewards.services.PointsServiceTest" name="earnPoints_shouldThrowRuleNotFoundException_whenNoActiveEarnRule" time="0.001"/>
  <testcase classname="com.membershiprewards.services.PointsServiceTest" name="earnPoints_shouldUpdateAccountAndSaveTransaction_whenMemberActiveAndActiveEarnRuleAndExistingAccount" time="0.006"/>
  <testcase classname="com.membershiprewards.services.PointsServiceTest" name="getPointsHistory_shouldReturnListFromRepository_whenMemberExists" time="0.002"/>
  <testcase classname="com.membershiprewards.services.PointsServiceTest" name="getPointsHistory_shouldThrowMemberNotFoundException_whenMemberNotFound" time="0.003"/>
  <testcase classname="com.membershiprewards.services.PointsServiceTest" name="getPointsSummaryReport_shouldReturnZeros_whenEmptyMemberList" time="0.006"/>
  <testcase classname="com.membershiprewards.services.PointsServiceTest" name="getPointsSummaryReport_shouldSumTotalsCorrectly_whenMembersWithAndWithoutAccounts" time="0.003"/>
  <testcase classname="com.membershiprewards.services.PointsServiceTest" name="redeemPoints_shouldDeductBalanceAndSaveTransaction_whenMemberActiveAndSufficientBalance" time="0.009"/>
  <testcase classname="com.membershiprewards.services.PointsServiceTest" name="redeemPoints_shouldThrowInsufficientPointsException_whenInsufficientBalance" time="0.002"/>
  <testcase classname="com.membershiprewards.services.PointsServiceTest" name="redeemPoints_shouldThrowRuleNotFoundException_whenNoActiveRedeemRule" time="0.003"/>
  <testcase classname="com.membershiprewards.services.RulesServiceTest" name="defineEarnRule_shouldSaveAndReturn_whenValidInputs" time="0.003"/>
  <testcase classname="com.membershiprewards.services.RulesServiceTest" name="defineEarnRule_shouldThrowValidationException_whenIdBlank" time="0.001"/>
  <testcase classname="com.membershiprewards.services.RulesServiceTest" name="defineEarnRule_shouldThrowValidationException_whenPointsPerUseZero" time="0.002"/>
  <testcase classname="com.membershiprewards.services.RulesServiceTest" name="defineRedeemRule_shouldSaveAndReturn_whenValidInputs" time="0.007"/>
  <testcase classname="com.membershiprewards.services.RulesServiceTest" name="defineRedeemRule_shouldThrowValidationException_whenBenefitDescriptionBlank" time="0.001"/>
  <testcase classname="com.membershiprewards.services.RulesServiceTest" name="defineRedeemRule_shouldThrowValidationException_whenPointsCostZero" time="0.0"/>
  <testcase classname="com.membershiprewards.services.RulesServiceTest" name="setEarnRuleActive_shouldSaveUpdatedActiveFlag_whenRuleExists" time="0.005"/>
  <testcase classname="com.membershiprewards.services.RulesServiceTest" name="setEarnRuleActive_shouldThrowRuleNotFoundException_whenNotFound" time="0.001"/>
  <testcase classname="com.membershiprewards.services.RulesServiceTest" name="setRedeemRuleActive_shouldSaveUpdatedActiveFlag_whenRuleExists" time="0.003"/>
  <testcase classname="com.membershiprewards.services.RulesServiceTest" name="setRedeemRuleActive_shouldThrowRuleNotFoundException_whenNotFound" time="0.001"/>
</testsuite> <!-- Surefire test -->
