<?xml version="1.0" encoding="UTF-8"?>
<testsuite xmlns:xsi="http://www.w3.org/2001/XMLSchema-instance" xsi:noNamespaceSchemaLocation="https://maven.apache.org/surefire/maven-surefire-plugin/xsd/surefire-test-report.xsd" version="3.0.2" name="TestSuite" time="1.761" tests="30" errors="0" skipped="0" failures="0">
  <properties>
[...]
</properties>
  <testcase name="smokeTestPasses" classname="com.membershiprewards.SanityTest" time="0.006">
    <system-err><![CDATA[SLF4J: Failed to load class "org.slf4j.impl.StaticLoggerBinder".
SLF4J: Defaulting to no-operation (NOP) logger implementation
SLF4J: See http://www.slf4j.org/codes.html#StaticLoggerBinder for further details.
]]></system-err>
  </testcase>
  <testcase name="getMembershipStatus_shouldReturnStatus_whenMemberExists" classname="com.membershiprewards.services.MembershipServiceTest" time="0.027">
    <system-err><![CDATA[Mockito is currently self-attaching to enable the inline-mock-maker. This will no longer work in future releases of the JDK. Please add Mockito as an agent to your build what is described in Mockito's documentation: https://javadoc.io/doc/org.mockito/mockito-core/latest/org/mockito/Mockito.html#0.3
WARNING: A Java agent has been loaded dynamically (C:\Users\anaul\.m2\repository\net\bytebuddy\byte-buddy-agent\1.15.4\byte-buddy-agent-1.15.4.jar)
WARNING: If a serviceability tool is in use, please run with -XX:+EnableDynamicAgentLoading to hide this warning
WARNING: If a serviceability tool is not in use, please run with -Djdk.instrument.traceUsage for more information
WARNING: Dynamic loading of agents will be disallowed by default in a future release
]]></system-err>
  </testcase>
  <testcase name="getMembershipStatus_shouldThrowMemberNotFoundException_whenNotFound" classname="com.membershiprewards.services.MembershipServiceTest" time="0.001"/>
  <testcase name="listMembersByStatus_shouldFilterCorrectly_whenMixOfActiveAndInactive" classname="com.membershiprewards.services.MembershipServiceTest" time="0.003"/>
  <testcase name="listMembersByStatus_shouldThrowValidationException_whenStatusIsNull" classname="com.membershiprewards.services.MembershipServiceTest" time="0.0"/>
  <testcase name="registerMember_shouldSaveAndReturnMemberWithActive_whenValidInputs" classname="com.membershiprewards.services.MembershipServiceTest" time="0.003"/>
  <testcase name="registerMember_shouldThrowValidationException_whenEmailInvalid" classname="com.membershiprewards.services.MembershipServiceTest" time="0.001"/>
  <testcase name="registerMember_shouldThrowValidationException_whenIdBlank" classname="com.membershiprewards.services.MembershipServiceTest" time="0.0"/>
  <testcase name="setMembershipStatus_shouldSaveUpdatedStatus_whenMemberExists" classname="com.membershiprewards.services.MembershipServiceTest" time="0.002"/>
  <testcase name="setMembershipStatus_shouldThrowMemberNotFoundException_whenMemberDoesNotExist" classname="com.membershiprewards.services.MembershipServiceTest" time="0.001"/>
  <testcase name="earnPoints_shouldThrowMembershipInactiveException_whenMemberInactive" classname="com.membershiprewards.services.PointsServiceTest" time="0.002"/>
  <testcase name="earnPoints_shouldThrowRuleNotFoundException_whenNoActiveEarnRule" classname="com.membershiprewards.services.PointsServiceTest" time="0.002"/>
  <testcase name="earnPoints_shouldUpdateAccountAndSaveTransaction_whenMemberActiveAndActiveEarnRuleAndExistingAccount" classname="com.membershiprewards.services.PointsServiceTest" time="0.005"/>
  <testcase name="getPointsHistory_shouldReturnListFromRepository_whenMemberExists" classname="com.membershiprewards.services.PointsServiceTest" time="0.002"/>
  <testcase name="getPointsHistory_shouldThrowMemberNotFoundException_whenMemberNotFound" classname="com.membershiprewards.services.PointsServiceTest" time="0.004"/>
  <testcase name="getPointsSummaryReport_shouldReturnZeros_whenEmptyMemberList" classname="com.membershiprewards.services.PointsServiceTest" time="0.005"/>
  <testcase name="getPointsSummaryReport_shouldSumTotalsCorrectly_whenMembersWithAndWithoutAccounts" classname="com.membershiprewards.services.PointsServiceTest" time="0.005"/>
  <testcase name="redeemPoints_shouldDeductBalanceAndSaveTransaction_whenMemberActiveAndSufficientBalance" classname="com.membershiprewards.services.PointsServiceTest" time="0.009"/>
  <testcase name="redeemPoints_shouldThrowInsufficientPointsException_whenInsufficientBalance" classname="com.membershiprewards.services.PointsServiceTest" time="0.003"/>
  <testcase name="redeemPoints_shouldThrowRuleNotFoundException_whenNoActiveRedeemRule" classname="com.membershiprewards.services.PointsServiceTest" time="0.002"/>
  <testcase name="defineEarnRule_shouldSaveAndReturn_whenValidInputs" classname="com.membershiprewards.services.RulesServiceTest" time="0.004"/>
  <testcase name="defineEarnRule_shouldThrowValidationException_whenIdBlank" classname="com.membershiprewards.services.RulesServiceTest" time="0.001"/>
  <testcase name="defineEarnRule_shouldThrowValidationException_whenPointsPerUseZero" classname="com.membershiprewards.services.RulesServiceTest" time="0.0"/>
  <testcase name="defineRedeemRule_shouldSaveAndReturn_whenValidInputs" classname="com.membershiprewards.services.RulesServiceTest" time="0.006"/>
  <testcase name="defineRedeemRule_shouldThrowValidationException_whenBenefitDescriptionBlank" classname="com.membershiprewards.services.RulesServiceTest" time="0.003"/>
  <testcase name="defineRedeemRule_shouldThrowValidationException_whenPointsCostZero" classname="com.membershiprewards.services.RulesServiceTest" time="0.0"/>
  <testcase name="setEarnRuleActive_shouldSaveUpdatedActiveFlag_whenRuleExists" classname="com.membershiprewards.services.RulesServiceTest" time="0.004"/>
  <testcase name="setEarnRuleActive_shouldThrowRuleNotFoundException_whenNotFound" classname="com.membershiprewards.services.RulesServiceTest" time="0.003"/>
  <testcase name="setRedeemRuleActive_shouldSaveUpdatedActiveFlag_whenRuleExists" classname="com.membershiprewards.services.RulesServiceTest" time="0.003"/>
  <testcase name="setRedeemRuleActive_shouldThrowRuleNotFoundException_whenNotFound" classname="com.membershiprewards.services.RulesServiceTest" time="0.001"/>
</testsuite>