<?xml version="1.0" encoding="UTF-8"?>
<!-- Generated by org.testng.reporters.JUnitReportReporter -->
<testsuite hostname="aulate" failures="0" tests="10" name="com.membershiprewards.services.RulesServiceTest" time="0.040" errors="0" timestamp="2026-02-20T21:45:20 CST" skipped="0">
  <testcase classname="com.membershiprewards.services.RulesServiceTest" name="defineRedeemRule_shouldSaveAndReturn_whenValidInputs" time="0.009"/>
  <testcase classname="com.membershiprewards.services.RulesServiceTest" name="defineEarnRule_shouldThrowValidationException_whenPointsPerUseZero" time="0.004"/>
  <testcase classname="com.membershiprewards.services.RulesServiceTest" name="defineRedeemRule_shouldThrowValidationException_whenBenefitDescriptionBlank" time="0.002"/>
  <testcase classname="com.membershiprewards.services.RulesServiceTest" name="setRedeemRuleActive_shouldSaveUpdatedActiveFlag_whenRuleExists" time="0.004"/>
  <testcase classname="com.membershiprewards.services.RulesServiceTest" name="defineRedeemRule_shouldThrowValidationException_whenPointsCostZero" time="0.001"/>
  <testcase classname="com.membershiprewards.services.RulesServiceTest" name="setRedeemRuleActive_shouldThrowRuleNotFoundException_whenNotFound" time="0.003"/>
  <testcase classname="com.membershiprewards.services.RulesServiceTest" name="defineEarnRule_shouldSaveAndReturn_whenValidInputs" time="0.005"/>
  <testcase classname="com.membershiprewards.services.RulesServiceTest" name="setEarnRuleActive_shouldSaveUpdatedActiveFlag_whenRuleExists" time="0.008"/>
  <testcase classname="com.membershiprewards.services.RulesServiceTest" name="setEarnRuleActive_shouldThrowRuleNotFoundException_whenNotFound" time="0.002"/>
  <testcase classname="com.membershiprewards.services.RulesServiceTest" name="defineEarnRule_shouldThrowValidationException_whenIdBlank" time="0.002"/>
</testsuite> <!-- com.membershiprewards.services.RulesServiceTest -->
