<?xml version="1.0" encoding="UTF-8"?>
<!-- Generated by org.testng.reporters.JUnitReportReporter -->
<testsuite hostname="aulate" failures="0" tests="9" name="com.membershiprewards.services.MembershipServiceTest" time="0.801" errors="0" timestamp="2026-02-20T21:45:20 CST" skipped="0">
  <testcase classname="com.membershiprewards.services.MembershipServiceTest" name="listMembersByStatus_shouldThrowValidationException_whenStatusIsNull" time="0.758"/>
  <testcase classname="com.membershiprewards.services.MembershipServiceTest" name="getMembershipStatus_shouldThrowMemberNotFoundException_whenNotFound" time="0.001"/>
  <testcase classname="com.membershiprewards.services.MembershipServiceTest" name="setMembershipStatus_shouldSaveUpdatedStatus_whenMemberExists" time="0.003"/>
  <testcase classname="com.membershiprewards.services.MembershipServiceTest" name="registerMember_shouldThrowValidationException_whenEmailInvalid" time="0.002"/>
  <testcase classname="com.membershiprewards.services.MembershipServiceTest" name="setMembershipStatus_shouldThrowMemberNotFoundException_whenMemberDoesNotExist" time="0.001"/>
  <testcase classname="com.membershiprewards.services.MembershipServiceTest" name="registerMember_shouldSaveAndReturnMemberWithActive_whenValidInputs" time="0.003"/>
  <testcase classname="com.membershiprewards.services.MembershipServiceTest" name="listMembersByStatus_shouldFilterCorrectly_whenMixOfActiveAndInactive" time="0.004"/>
  <testcase classname="com.membershiprewards.services.MembershipServiceTest" name="registerMember_shouldThrowValidationException_whenIdBlank" time="0.001"/>
  <testcase classname="com.membershiprewards.services.MembershipServiceTest" name="getMembershipStatus_shouldReturnStatus_whenMemberExists" time="0.028"/>
</testsuite> <!-- com.membershiprewards.services.MembershipServiceTest -->
