<?xml version="1.0" encoding="UTF-8"?>
<!-- Generated by org.testng.reporters.JUnitReportReporter -->
<testsuite hostname="aulate" failures="0" tests="10" name="com.membershiprewards.services.PointsServiceTest" time="0.154" errors="0" timestamp="2026-03-10T21:02:31 CST" skipped="0">
  <testcase classname="com.membershiprewards.services.PointsServiceTest" name="earnPoints_shouldUpdateAccountAndSaveTransaction_whenMemberActiveAndActiveEarnRuleAndExistingAccount" time="0.009"/>
  <testcase classname="com.membershiprewards.services.PointsServiceTest" name="getPointsSummaryReport_shouldReturnZeros_whenEmptyMemberList" time="0.006"/>
  <testcase classname="com.membershiprewards.services.PointsServiceTest" name="getPointsSummaryReport_shouldSumTotalsCorrectly_whenMembersWithAndWithoutAccounts" time="0.003"/>
  <testcase classname="com.membershiprewards.services.PointsServiceTest" name="redeemPoints_shouldDeductBalanceAndSaveTransaction_whenMemberActiveAndSufficientBalance" time="0.007"/>
  <testcase classname="com.membershiprewards.services.PointsServiceTest" name="earnPoints_shouldThrowMembershipInactiveException_whenMemberInactive" time="0.003"/>
  <testcase classname="com.membershiprewards.services.PointsServiceTest" name="redeemPoints_shouldThrowRuleNotFoundException_whenNoActiveRedeemRule" time="0.005"/>
  <testcase classname="com.membershiprewards.services.PointsServiceTest" name="earnPoints_shouldThrowRuleNotFoundException_whenNoActiveEarnRule" time="0.005"/>
  <testcase classname="com.membershiprewards.services.PointsServiceTest" name="getPointsHistory_shouldThrowMemberNotFoundException_whenMemberNotFound" time="0.004"/>
  <testcase classname="com.membershiprewards.services.PointsServiceTest" name="getPointsHistory_shouldReturnListFromRepository_whenMemberExists" time="0.107"/>
  <testcase classname="com.membershiprewards.services.PointsServiceTest" name="redeemPoints_shouldThrowInsufficientPointsException_whenInsufficientBalance" time="0.005"/>
</testsuite> <!-- com.membershiprewards.services.PointsServiceTest -->
